{"uuid":"4cdad3a1-c873-4475-bba3-cb2d866d4c14","name":"testCases.API1_GameLaunch","children":["90cbae08-9423-4ff2-bebb-f95fa8aae495","cbcc92a5-8117-43ce-8c5a-331e49b3627e","ef7de8f7-37af-49f0-b623-5e0b250af496","2f0525c0-4499-4d1a-9755-8e835d073c95","7364eac4-8bca-4f7d-838b-754d4096181e"],"befores":[{"name":"setup","status":"broken","statusDetails":{"known":false,"muted":false,"flaky":false,"message":"java.lang.IllegalAccessException: class org.json.JSONObject cannot access a member of class java.lang.String (in module java.base) with modifiers \"\"","trace":"java.lang.RuntimeException: java.lang.IllegalAccessException: class org.json.JSONObject cannot access a member of class java.lang.String (in module java.base) with modifiers \"\"\r\n\tat org.json.JSONObject.populateInternalMap(JSONObject.java:349)\r\n\tat org.json.JSONObject.<init>(JSONObject.java:278)\r\n\tat testCases.API1_GameLaunch.setup(API1_GameLaunch.java:32)\r\n\tat java.base/jdk.internal.reflect.NativeMethodAccessorImpl.invoke0(Native Method)\r\n\tat java.base/jdk.internal.reflect.NativeMethodAccessorImpl.invoke(NativeMethodAccessorImpl.java:77)\r\n\tat java.base/jdk.internal.reflect.DelegatingMethodAccessorImpl.invoke(DelegatingMethodAccessorImpl.java:43)\r\n\tat java.base/java.lang.reflect.Method.invoke(Method.java:568)\r\n\tat org.testng.internal.invokers.MethodInvocationHelper.invokeMethod(MethodInvocationHelper.java:139)\r\n\tat org.testng.internal.invokers.MethodInvocationHelper.invokeMethodConsideringTimeout(MethodInvocationHelper.java:69)\r\n\tat org.testng.internal.invokers.ConfigInvoker.invokeConfigurationMethod(ConfigInvoker.java:361)\r\n\tat org.testng.internal.invokers.ConfigInvoker.invokeConfigurations(ConfigInvoker.java:296)\r\n\tat org.testng.internal.invokers.TestMethodWorker.invokeBeforeClassMethods(TestMethodWorker.java:180)\r\n\tat org.testng.internal.invokers.TestMethodWorker.run(TestMethodWorker.java:122)\r\n\tat java.base/java.util.ArrayList.forEach(ArrayList.java:1511)\r\n\tat org.testng.TestRunner.privateRun(TestRunner.java:806)\r\n\tat org.testng.TestRunner.run(TestRunner.java:601)\r\n\tat org.testng.SuiteRunner.runTest(SuiteRunner.java:433)\r\n\tat org.testng.SuiteRunner.runSequentially(SuiteRunner.java:427)\r\n\tat org.testng.SuiteRunner.privateRun(SuiteRunner.java:387)\r\n\tat org.testng.SuiteRunner.run(SuiteRunner.java:330)\r\n\tat org.testng.SuiteRunnerWorker.runSuite(SuiteRunnerWorker.java:52)\r\n\tat org.testng.SuiteRunnerWorker.run(SuiteRunnerWorker.java:95)\r\n\tat org.testng.TestNG.runSuitesSequentially(TestNG.java:1256)\r\n\tat org.testng.TestNG.runSuitesLocally(TestNG.java:1176)\r\n\tat org.testng.TestNG.runSuites(TestNG.java:1099)\r\n\tat org.testng.TestNG.run(TestNG.java:1067)\r\n\tat com.intellij.rt.testng.IDEARemoteTestNG.run(IDEARemoteTestNG.java:66)\r\n\tat com.intellij.rt.testng.RemoteTestNGStarter.main(RemoteTestNGStarter.java:109)\r\nCaused by: java.lang.IllegalAccessException: class org.json.JSONObject cannot access a member of class java.lang.String (in module java.base) with modifiers \"\"\r\n\tat java.base/jdk.internal.reflect.Reflection.newIllegalAccessException(Reflection.java:392)\r\n\tat java.base/java.lang.reflect.AccessibleObject.checkAccess(AccessibleObject.java:674)\r\n\tat java.base/java.lang.reflect.Method.invoke(Method.java:560)\r\n\tat org.json.JSONObject.populateInternalMap(JSONObject.java:328)\r\n\t... 27 more\r\n"},"stage":"finished","description":"","steps":[],"attachments":[],"parameters":[],"start":1658127892144,"stop":1658127920949}],"afters":[],"start":1658127892126,"stop":1658127921141}